c:\users\sebas\onedrive - usherbrooke\bureau\université\s2\projet\vinc-party\pc_vs\jeup11\debug\vc143.pdb
c:\users\sebas\onedrive - usherbrooke\bureau\université\s2\projet\vinc-party\pc_vs\jeup11\debug\moteurpointages.obj
c:\users\sebas\onedrive - usherbrooke\bureau\université\s2\projet\vinc-party\pc_vs\jeup11\debug\moteurminijeu.obj
c:\users\sebas\onedrive - usherbrooke\bureau\université\s2\projet\vinc-party\pc_vs\jeup11\debug\moteurmenu.obj
c:\users\sebas\onedrive - usherbrooke\bureau\université\s2\projet\vinc-party\pc_vs\jeup11\debug\moteurjeupiano.obj
c:\users\sebas\onedrive - usherbrooke\bureau\université\s2\projet\vinc-party\pc_vs\jeup11\debug\moteurjeupeche.obj
c:\users\sebas\onedrive - usherbrooke\bureau\université\s2\projet\vinc-party\pc_vs\jeup11\debug\moteurjeumineur.obj
c:\users\sebas\onedrive - usherbrooke\bureau\université\s2\projet\vinc-party\pc_vs\jeup11\debug\moteurjeu.obj
c:\users\sebas\onedrive - usherbrooke\bureau\université\s2\projet\vinc-party\pc_vs\jeup11\debug\moteurcr.obj
c:\users\sebas\onedrive - usherbrooke\bureau\université\s2\projet\vinc-party\pc_vs\jeup11\debug\moteur.obj
c:\users\sebas\onedrive - usherbrooke\bureau\université\s2\projet\vinc-party\pc_vs\jeup11\debug\joystick.obj
c:\users\sebas\onedrive - usherbrooke\bureau\université\s2\projet\vinc-party\pc_vs\jeup11\debug\interface.obj
c:\users\sebas\onedrive - usherbrooke\bureau\université\s2\projet\vinc-party\pc_vs\jeup11\debug\hasardmuons.obj
c:\users\sebas\onedrive - usherbrooke\bureau\université\s2\projet\vinc-party\pc_vs\jeup11\debug\evenement.obj
c:\users\sebas\onedrive - usherbrooke\bureau\université\s2\projet\vinc-party\pc_vs\jeup11\debug\es.obj
c:\users\sebas\onedrive - usherbrooke\bureau\université\s2\projet\vinc-party\pc_vs\jeup11\debug\chronometre.obj
c:\users\sebas\onedrive - usherbrooke\bureau\université\s2\projet\vinc-party\pc_vs\jeup11\debug\cr_vehicule.obj
c:\users\sebas\onedrive - usherbrooke\bureau\université\s2\projet\vinc-party\pc_vs\jeup11\debug\bouton.obj
c:\users\sebas\onedrive - usherbrooke\bureau\université\s2\projet\vinc-party\pc_vs\jeup11\debug\boussole.obj
c:\users\sebas\onedrive - usherbrooke\bureau\université\s2\projet\vinc-party\pc_vs\jeup11\debug\bargraph.obj
c:\users\sebas\onedrive - usherbrooke\bureau\université\s2\projet\vinc-party\pc_vs\jeup11\debug\accel.obj
c:\users\sebas\onedrive - usherbrooke\bureau\université\s2\projet\vinc-party\pc_vs\jeup11\debug\moc_threadmoteur.obj
c:\users\sebas\onedrive - usherbrooke\bureau\université\s2\projet\vinc-party\pc_vs\jeup11\debug\moc_interface.obj
c:\users\sebas\onedrive - usherbrooke\bureau\université\s2\projet\vinc-party\pc_vs\jeup11\debug\main.obj
c:\users\sebas\onedrive - usherbrooke\bureau\université\s2\projet\vinc-party\pc_vs\jeup11\debug\widgetriviere.obj
c:\users\sebas\onedrive - usherbrooke\bureau\université\s2\projet\vinc-party\pc_vs\jeup11\debug\widgetpointages.obj
c:\users\sebas\onedrive - usherbrooke\bureau\université\s2\projet\vinc-party\pc_vs\jeup11\debug\widgetmenu.obj
c:\users\sebas\onedrive - usherbrooke\bureau\université\s2\projet\vinc-party\pc_vs\jeup11\debug\widgetjeupiano.obj
c:\users\sebas\onedrive - usherbrooke\bureau\université\s2\projet\vinc-party\pc_vs\jeup11\debug\widgetjeupeche.obj
c:\users\sebas\onedrive - usherbrooke\bureau\université\s2\projet\vinc-party\pc_vs\jeup11\debug\widgetjeumineur.obj
c:\users\sebas\onedrive - usherbrooke\bureau\université\s2\projet\vinc-party\pc_vs\jeup11\debug\widgetjeu.obj
c:\users\sebas\onedrive - usherbrooke\bureau\université\s2\projet\vinc-party\pc_vs\jeup11\debug\widgetcarte.obj
c:\users\sebas\onedrive - usherbrooke\bureau\université\s2\projet\vinc-party\pc_vs\jeup11\debug\vibration.obj
c:\users\sebas\onedrive - usherbrooke\bureau\université\s2\projet\vinc-party\pc_vs\jeup11\debug\tuile.obj
c:\users\sebas\onedrive - usherbrooke\bureau\université\s2\projet\vinc-party\pc_vs\jeup11\debug\threadmoteur.obj
c:\users\sebas\onedrive - usherbrooke\bureau\université\s2\projet\vinc-party\pc_vs\jeup11\debug\tests.obj
c:\users\sebas\onedrive - usherbrooke\bureau\université\s2\projet\vinc-party\pc_vs\jeup11\debug\quadbargraph.obj
c:\users\sebas\onedrive - usherbrooke\bureau\université\s2\projet\vinc-party\pc_vs\jeup11\debug\pointage.obj
c:\users\sebas\onedrive - usherbrooke\bureau\université\s2\projet\vinc-party\pc_vs\jeup11\debug\niveau.obj
c:\users\sebas\onedrive - usherbrooke\bureau\université\s2\projet\vinc-party\pc_vs\jeup11\debug\muons.obj
c:\users\sebas\onedrive - usherbrooke\bureau\université\s2\projet\vinc-party\pc_vs\jeup11\debug\moteurtests.obj
c:\users\sebas\onedrive - usherbrooke\bureau\université\s2\projet\vinc-party\pc_vs\jeup11\debug\moc_widgetriviere.obj
c:\users\sebas\onedrive - usherbrooke\bureau\université\s2\projet\vinc-party\pc_vs\jeup11\debug\moc_widgetpointages.obj
c:\users\sebas\onedrive - usherbrooke\bureau\université\s2\projet\vinc-party\pc_vs\jeup11\debug\moc_widgetmenu.obj
c:\users\sebas\onedrive - usherbrooke\bureau\université\s2\projet\vinc-party\pc_vs\jeup11\debug\moc_widgetjeupiano.obj
c:\users\sebas\onedrive - usherbrooke\bureau\université\s2\projet\vinc-party\pc_vs\jeup11\debug\moc_widgetjeupeche.obj
c:\users\sebas\onedrive - usherbrooke\bureau\université\s2\projet\vinc-party\pc_vs\jeup11\debug\moc_widgetjeumineur.obj
c:\users\sebas\onedrive - usherbrooke\bureau\université\s2\projet\vinc-party\pc_vs\jeup11\debug\moc_widgetjeu.obj
c:\users\sebas\onedrive - usherbrooke\bureau\université\s2\projet\vinc-party\pc_vs\jeup11\debug\moc_widgetcarte.obj
c:\users\sebas\onedrive - usherbrooke\bureau\université\s2\projet\vinc-party\pc_vs\jeup11\debug\moc_interface.cpp
c:\users\sebas\onedrive - usherbrooke\bureau\université\s2\projet\vinc-party\pc_vs\jeup11\debug\moc_threadmoteur.cpp
c:\users\sebas\onedrive - usherbrooke\bureau\université\s2\projet\vinc-party\pc_vs\jeup11\debug\moc_widgetcarte.cpp
c:\users\sebas\onedrive - usherbrooke\bureau\université\s2\projet\vinc-party\pc_vs\jeup11\debug\moc_widgetjeu.cpp
c:\users\sebas\onedrive - usherbrooke\bureau\université\s2\projet\vinc-party\pc_vs\jeup11\debug\moc_widgetjeumineur.cpp
c:\users\sebas\onedrive - usherbrooke\bureau\université\s2\projet\vinc-party\pc_vs\jeup11\debug\moc_widgetjeupeche.cpp
c:\users\sebas\onedrive - usherbrooke\bureau\université\s2\projet\vinc-party\pc_vs\jeup11\debug\moc_widgetjeupiano.cpp
c:\users\sebas\onedrive - usherbrooke\bureau\université\s2\projet\vinc-party\pc_vs\jeup11\debug\moc_widgetmenu.cpp
c:\users\sebas\onedrive - usherbrooke\bureau\université\s2\projet\vinc-party\pc_vs\jeup11\debug\moc_widgetpointages.cpp
c:\users\sebas\onedrive - usherbrooke\bureau\université\s2\projet\vinc-party\pc_vs\jeup11\debug\moc_widgetriviere.cpp
c:\users\sebas\onedrive - usherbrooke\bureau\université\s2\projet\vinc-party\pc_vs\jeup11\debug\moc_predefs.h
c:\users\sebas\onedrive - usherbrooke\bureau\université\s2\projet\vinc-party\pc_vs\jeup11\debug\jeup11.exe
c:\users\sebas\onedrive - usherbrooke\bureau\université\s2\projet\vinc-party\pc_vs\jeup11\debug\jeup11.ilk
c:\users\sebas\onedrive - usherbrooke\bureau\université\s2\projet\vinc-party\pc_vs\jeup11\debug\jeup11.pdb
c:\users\sebas\onedrive - usherbrooke\bureau\université\s2\projet\vinc-party\pc_vs\jeup11\debug\jeup11.tlog\cl.command.1.tlog
c:\users\sebas\onedrive - usherbrooke\bureau\université\s2\projet\vinc-party\pc_vs\jeup11\debug\jeup11.tlog\cl.read.1.tlog
c:\users\sebas\onedrive - usherbrooke\bureau\université\s2\projet\vinc-party\pc_vs\jeup11\debug\jeup11.tlog\cl.write.1.tlog
c:\users\sebas\onedrive - usherbrooke\bureau\université\s2\projet\vinc-party\pc_vs\jeup11\debug\jeup11.tlog\custombuild.command.1.tlog
c:\users\sebas\onedrive - usherbrooke\bureau\université\s2\projet\vinc-party\pc_vs\jeup11\debug\jeup11.tlog\custombuild.read.1.tlog
c:\users\sebas\onedrive - usherbrooke\bureau\université\s2\projet\vinc-party\pc_vs\jeup11\debug\jeup11.tlog\custombuild.write.1.tlog
c:\users\sebas\onedrive - usherbrooke\bureau\université\s2\projet\vinc-party\pc_vs\jeup11\debug\jeup11.tlog\link.command.1.tlog
c:\users\sebas\onedrive - usherbrooke\bureau\université\s2\projet\vinc-party\pc_vs\jeup11\debug\jeup11.tlog\link.read.1.tlog
c:\users\sebas\onedrive - usherbrooke\bureau\université\s2\projet\vinc-party\pc_vs\jeup11\debug\jeup11.tlog\link.write.1.tlog
