  Accel.cpp
  ES.cpp
  Evenement.cpp
  FenetreJeu.cpp
C:\Users\cbowlieu\github\Vinc-Party\PC_VS\JeuP11\FenetreJeu.cpp(392,16): warning C4244: 'return': conversion from 'double' to 'float', possible loss of data
C:\Users\cbowlieu\github\Vinc-Party\PC_VS\JeuP11\FenetreJeu.cpp(735,27): warning C4244: '=': conversion from 'double' to 'float', possible loss of data
  FenetreJeuPeche.cpp
C:\Users\cbowlieu\github\Vinc-Party\PC_VS\JeuP11\FenetreJeuPeche.cpp(328,38): warning C4390: ';': empty controlled statement found; is this the intent?
C:\Users\cbowlieu\github\Vinc-Party\PC_VS\JeuP11\FenetreJeuPeche.cpp(356,19): warning C4244: 'argument': conversion from 'time_t' to 'unsigned int', possible loss of data
C:\Users\cbowlieu\github\Vinc-Party\PC_VS\JeuP11\FenetreJeuPeche.cpp(466,34): warning C4390: ';': empty controlled statement found; is this the intent?
  FenetreJeuMineur.cpp
  FenetreMenu.cpp
  FenetreTests.cpp
  JeuP11.cpp
  Tests.cpp
  Generating Code...
C:\Users\cbowlieu\github\Vinc-Party\PC_VS\JeuP11\Evenement.cpp(24): warning C4715: 'Evenement::decoder': not all control paths return a value
LINK : warning LNK4075: ignoring '/INCREMENTAL' due to '/PROFILE' specification
Accel.obj : warning LNK4075: ignoring '/EDITANDCONTINUE' due to '/OPT:REF' specification
  JeuP11.vcxproj -> C:\Users\cbowlieu\github\Vinc-Party\PC_VS\JeuP11\Debug\JeuP11.exe
