c:\users\zacha\onedrive\documents\github\vinc-party\pc_vs\jeup11\debug\vc142.pdb
c:\users\zacha\onedrive\documents\github\vinc-party\pc_vs\jeup11\debug\vc142.idb
c:\users\zacha\onedrive\documents\github\vinc-party\pc_vs\jeup11\debug\muons.obj
c:\users\zacha\onedrive\documents\github\vinc-party\pc_vs\jeup11\debug\fenetreminijeu.obj
c:\users\zacha\onedrive\documents\github\vinc-party\pc_vs\jeup11\debug\joystick.obj
c:\users\zacha\onedrive\documents\github\vinc-party\pc_vs\jeup11\debug\jeup11.obj
c:\users\zacha\onedrive\documents\github\vinc-party\pc_vs\jeup11\debug\serialport.obj
c:\users\zacha\onedrive\documents\github\vinc-party\pc_vs\jeup11\debug\fenetretests.obj
c:\users\zacha\onedrive\documents\github\vinc-party\pc_vs\jeup11\debug\fenetrepointages.obj
c:\users\zacha\onedrive\documents\github\vinc-party\pc_vs\jeup11\debug\fenetremenu.obj
c:\users\zacha\onedrive\documents\github\vinc-party\pc_vs\jeup11\debug\fenetrejeupiano.obj
c:\users\zacha\onedrive\documents\github\vinc-party\pc_vs\jeup11\debug\fenetrejeu.obj
c:\users\zacha\onedrive\documents\github\vinc-party\pc_vs\jeup11\debug\fenetrecr.obj
c:\users\zacha\onedrive\documents\github\vinc-party\pc_vs\jeup11\debug\fenetre.obj
c:\users\zacha\onedrive\documents\github\vinc-party\pc_vs\jeup11\debug\evenement.obj
c:\users\zacha\onedrive\documents\github\vinc-party\pc_vs\jeup11\debug\es.obj
c:\users\zacha\onedrive\documents\github\vinc-party\pc_vs\jeup11\debug\cr_vehicule.obj
c:\users\zacha\onedrive\documents\github\vinc-party\pc_vs\jeup11\debug\chronometre.obj
c:\users\zacha\onedrive\documents\github\vinc-party\pc_vs\jeup11\debug\bouton.obj
c:\users\zacha\onedrive\documents\github\vinc-party\pc_vs\jeup11\debug\boussole.obj
c:\users\zacha\onedrive\documents\github\vinc-party\pc_vs\jeup11\debug\bargraph.obj
c:\users\zacha\onedrive\documents\github\vinc-party\pc_vs\jeup11\debug\accel.obj
c:\users\zacha\onedrive\documents\github\vinc-party\pc_vs\jeup11\debug\vibration.obj
c:\users\zacha\onedrive\documents\github\vinc-party\pc_vs\jeup11\debug\tuile.obj
c:\users\zacha\onedrive\documents\github\vinc-party\pc_vs\jeup11\debug\tests.obj
c:\users\zacha\onedrive\documents\github\vinc-party\pc_vs\jeup11\debug\quadbargraph.obj
c:\users\zacha\onedrive\documents\github\vinc-party\pc_vs\jeup11\debug\pointage.obj
c:\users\zacha\onedrive\documents\github\vinc-party\pc_vs\jeup11\debug\niveau.obj
c:\users\zacha\onedrive\documents\github\vinc-party\pc_vs\jeup11\debug\jeup11.exe
c:\users\zacha\onedrive\documents\github\vinc-party\pc_vs\jeup11\debug\jeup11.pdb
c:\users\zacha\onedrive\documents\github\vinc-party\pc_vs\jeup11\debug\jeup11.tlog\cl.command.1.tlog
c:\users\zacha\onedrive\documents\github\vinc-party\pc_vs\jeup11\debug\jeup11.tlog\cl.read.1.tlog
c:\users\zacha\onedrive\documents\github\vinc-party\pc_vs\jeup11\debug\jeup11.tlog\cl.write.1.tlog
c:\users\zacha\onedrive\documents\github\vinc-party\pc_vs\jeup11\debug\jeup11.tlog\link.command.1.tlog
c:\users\zacha\onedrive\documents\github\vinc-party\pc_vs\jeup11\debug\jeup11.tlog\link.read.1.tlog
c:\users\zacha\onedrive\documents\github\vinc-party\pc_vs\jeup11\debug\jeup11.tlog\link.write.1.tlog
