  FenetreJeu.cpp
  FenetreMenu.cpp
  Interface.cpp
  WidgetCarte.cpp
  WidgetJeu.cpp
  main.cpp
C:\Users\nscak\OneDrive - USherbrooke\Documents\GitHub\Vinc-Party\PC_VS\JeuP11\Interface.h(1,1): warning C4828: The file contains a character starting at offset 0xb1 that is illegal in the current source character set (codepage 65001). (compiling source file Interface.cpp)
C:\Users\nscak\OneDrive - USherbrooke\Documents\GitHub\Vinc-Party\PC_VS\JeuP11\WidgetCarte.cpp(1,1): warning C4828: The file contains a character starting at offset 0x13b9 that is illegal in the current source character set (codepage 65001).
C:\Users\nscak\OneDrive - USherbrooke\Documents\GitHub\Vinc-Party\PC_VS\JeuP11\Interface.h(1,1): warning C4828: The file contains a character starting at offset 0xfa that is illegal in the current source character set (codepage 65001). (compiling source file Interface.cpp)
C:\Users\nscak\OneDrive - USherbrooke\Documents\GitHub\Vinc-Party\PC_VS\JeuP11\WidgetCarte.h(1,1): warning C4828: The file contains a character starting at offset 0x298 that is illegal in the current source character set (codepage 65001). (compiling source file WidgetCarte.cpp)
C:\Users\nscak\OneDrive - USherbrooke\Documents\GitHub\Vinc-Party\PC_VS\JeuP11\WidgetJeu.cpp(1,1): warning C4828: The file contains a character starting at offset 0xbd that is illegal in the current source character set (codepage 65001).
C:\Users\nscak\OneDrive - USherbrooke\Documents\GitHub\Vinc-Party\PC_VS\JeuP11\WidgetJeu.cpp(1,1): warning C4828: The file contains a character starting at offset 0x11e that is illegal in the current source character set (codepage 65001).
C:\Users\nscak\OneDrive - USherbrooke\Documents\GitHub\Vinc-Party\PC_VS\JeuP11\WidgetJeu.cpp(1,1): warning C4828: The file contains a character starting at offset 0xc42 that is illegal in the current source character set (codepage 65001).
C:\Users\nscak\OneDrive - USherbrooke\Documents\GitHub\Vinc-Party\PC_VS\JeuP11\WidgetJeu.h(1,1): warning C4828: The file contains a character starting at offset 0xbd that is illegal in the current source character set (codepage 65001). (compiling source file WidgetJeu.cpp)
C:\Users\nscak\OneDrive - USherbrooke\Documents\GitHub\Vinc-Party\PC_VS\JeuP11\WidgetJeu.h(1,1): warning C4828: The file contains a character starting at offset 0x11e that is illegal in the current source character set (codepage 65001). (compiling source file WidgetJeu.cpp)
C:\Users\nscak\OneDrive - USherbrooke\Documents\GitHub\Vinc-Party\PC_VS\JeuP11\WidgetJeu.h(1,1): warning C4828: The file contains a character starting at offset 0x556 that is illegal in the current source character set (codepage 65001). (compiling source file WidgetJeu.cpp)
C:\Users\nscak\OneDrive - USherbrooke\Documents\GitHub\Vinc-Party\PC_VS\JeuP11\Interface.h(1,1): warning C4828: The file contains a character starting at offset 0xb1 that is illegal in the current source character set (codepage 65001). (compiling source file main.cpp)
C:\Users\nscak\OneDrive - USherbrooke\Documents\GitHub\Vinc-Party\PC_VS\JeuP11\Interface.h(1,1): warning C4828: The file contains a character starting at offset 0xfa that is illegal in the current source character set (codepage 65001). (compiling source file main.cpp)
C:\Users\nscak\OneDrive - USherbrooke\Documents\GitHub\Vinc-Party\PC_VS\JeuP11\Coordonnee.h(1,1): warning C4828: The file contains a character starting at offset 0xbc that is illegal in the current source character set (codepage 65001). (compiling source file Interface.cpp)
C:\Users\nscak\OneDrive - USherbrooke\Documents\GitHub\Vinc-Party\PC_VS\JeuP11\Coordonnee.h(1,1): warning C4828: The file contains a character starting at offset 0x11d that is illegal in the current source character set (codepage 65001). (compiling source file Interface.cpp)
C:\Users\nscak\OneDrive - USherbrooke\Documents\GitHub\Vinc-Party\PC_VS\JeuP11\Coordonnee.h(1,1): warning C4828: The file contains a character starting at offset 0x143 that is illegal in the current source character set (codepage 65001). (compiling source file Interface.cpp)
C:\Users\nscak\OneDrive - USherbrooke\Documents\GitHub\Vinc-Party\PC_VS\JeuP11\WidgetMenu.h(1,1): warning C4828: The file contains a character starting at offset 0xbd that is illegal in the current source character set (codepage 65001). (compiling source file Interface.cpp)
C:\Users\nscak\OneDrive - USherbrooke\Documents\GitHub\Vinc-Party\PC_VS\JeuP11\WidgetMenu.h(1,1): warning C4828: The file contains a character starting at offset 0x11e that is illegal in the current source character set (codepage 65001). (compiling source file Interface.cpp)
C:\Users\nscak\OneDrive - USherbrooke\Documents\GitHub\Vinc-Party\PC_VS\JeuP11\WidgetJeu.h(1,1): warning C4828: The file contains a character starting at offset 0xbd that is illegal in the current source character set (codepage 65001). (compiling source file Interface.cpp)
C:\Users\nscak\OneDrive - USherbrooke\Documents\GitHub\Vinc-Party\PC_VS\JeuP11\WidgetJeu.h(1,1): warning C4828: The file contains a character starting at offset 0x11e that is illegal in the current source character set (codepage 65001). (compiling source file Interface.cpp)
C:\Users\nscak\OneDrive - USherbrooke\Documents\GitHub\Vinc-Party\PC_VS\JeuP11\WidgetJeu.h(1,1): warning C4828: The file contains a character starting at offset 0x556 that is illegal in the current source character set (codepage 65001). (compiling source file Interface.cpp)
C:\Users\nscak\OneDrive - USherbrooke\Documents\GitHub\Vinc-Party\PC_VS\JeuP11\WidgetCarte.h(1,1): warning C4828: The file contains a character starting at offset 0x298 that is illegal in the current source character set (codepage 65001). (compiling source file Interface.cpp)
C:\Users\nscak\OneDrive - USherbrooke\Documents\GitHub\Vinc-Party\PC_VS\JeuP11\Coordonnee.h(1,1): warning C4828: The file contains a character starting at offset 0xbc that is illegal in the current source character set (codepage 65001). (compiling source file FenetreMenu.cpp)
C:\Users\nscak\OneDrive - USherbrooke\Documents\GitHub\Vinc-Party\PC_VS\JeuP11\Coordonnee.h(1,1): warning C4828: The file contains a character starting at offset 0x11d that is illegal in the current source character set (codepage 65001). (compiling source file FenetreMenu.cpp)
C:\Users\nscak\OneDrive - USherbrooke\Documents\GitHub\Vinc-Party\PC_VS\JeuP11\Coordonnee.h(1,1): warning C4828: The file contains a character starting at offset 0x143 that is illegal in the current source character set (codepage 65001). (compiling source file FenetreMenu.cpp)
C:\Users\nscak\OneDrive - USherbrooke\Documents\GitHub\Vinc-Party\PC_VS\JeuP11\Coordonnee.h(1,1): warning C4828: The file contains a character starting at offset 0xbc that is illegal in the current source character set (codepage 65001). (compiling source file main.cpp)
C:\Users\nscak\OneDrive - USherbrooke\Documents\GitHub\Vinc-Party\PC_VS\JeuP11\Coordonnee.h(1,1): warning C4828: The file contains a character starting at offset 0x11d that is illegal in the current source character set (codepage 65001). (compiling source file main.cpp)
C:\Users\nscak\OneDrive - USherbrooke\Documents\GitHub\Vinc-Party\PC_VS\JeuP11\Coordonnee.h(1,1): warning C4828: The file contains a character starting at offset 0x143 that is illegal in the current source character set (codepage 65001). (compiling source file main.cpp)
C:\Users\nscak\OneDrive - USherbrooke\Documents\GitHub\Vinc-Party\PC_VS\JeuP11\WidgetMenu.h(1,1): warning C4828: The file contains a character starting at offset 0xbd that is illegal in the current source character set (codepage 65001). (compiling source file main.cpp)
C:\Users\nscak\OneDrive - USherbrooke\Documents\GitHub\Vinc-Party\PC_VS\JeuP11\WidgetMenu.h(1,1): warning C4828: The file contains a character starting at offset 0x11e that is illegal in the current source character set (codepage 65001). (compiling source file main.cpp)
C:\Users\nscak\OneDrive - USherbrooke\Documents\GitHub\Vinc-Party\PC_VS\JeuP11\Coordonnee.h(1,1): warning C4828: The file contains a character starting at offset 0xbc that is illegal in the current source character set (codepage 65001). (compiling source file WidgetJeu.cpp)
C:\Users\nscak\OneDrive - USherbrooke\Documents\GitHub\Vinc-Party\PC_VS\JeuP11\Coordonnee.h(1,1): warning C4828: The file contains a character starting at offset 0x11d that is illegal in the current source character set (codepage 65001). (compiling source file WidgetJeu.cpp)
C:\Users\nscak\OneDrive - USherbrooke\Documents\GitHub\Vinc-Party\PC_VS\JeuP11\Coordonnee.h(1,1): warning C4828: The file contains a character starting at offset 0x143 that is illegal in the current source character set (codepage 65001). (compiling source file WidgetJeu.cpp)
C:\Users\nscak\OneDrive - USherbrooke\Documents\GitHub\Vinc-Party\PC_VS\JeuP11\WidgetCarte.h(1,1): warning C4828: The file contains a character starting at offset 0x298 that is illegal in the current source character set (codepage 65001). (compiling source file WidgetJeu.cpp)
C:\Users\nscak\OneDrive - USherbrooke\Documents\GitHub\Vinc-Party\PC_VS\JeuP11\WidgetJeu.h(1,1): warning C4828: The file contains a character starting at offset 0xbd that is illegal in the current source character set (codepage 65001). (compiling source file main.cpp)
C:\Users\nscak\OneDrive - USherbrooke\Documents\GitHub\Vinc-Party\PC_VS\JeuP11\WidgetJeu.h(1,1): warning C4828: The file contains a character starting at offset 0x11e that is illegal in the current source character set (codepage 65001). (compiling source file main.cpp)
C:\Users\nscak\OneDrive - USherbrooke\Documents\GitHub\Vinc-Party\PC_VS\JeuP11\Coordonnee.h(1,1): warning C4828: The file contains a character starting at offset 0xbc that is illegal in the current source character set (codepage 65001). (compiling source file WidgetCarte.cpp)
C:\Users\nscak\OneDrive - USherbrooke\Documents\GitHub\Vinc-Party\PC_VS\JeuP11\Coordonnee.h(1,1): warning C4828: The file contains a character starting at offset 0x11d that is illegal in the current source character set (codepage 65001). (compiling source file WidgetCarte.cpp)
C:\Users\nscak\OneDrive - USherbrooke\Documents\GitHub\Vinc-Party\PC_VS\JeuP11\Coordonnee.h(1,1): warning C4828: The file contains a character starting at offset 0x143 that is illegal in the current source character set (codepage 65001). (compiling source file WidgetCarte.cpp)
C:\Users\nscak\OneDrive - USherbrooke\Documents\GitHub\Vinc-Party\PC_VS\JeuP11\WidgetJeu.h(1,1): warning C4828: The file contains a character starting at offset 0x556 that is illegal in the current source character set (codepage 65001). (compiling source file main.cpp)
C:\Users\nscak\OneDrive - USherbrooke\Documents\GitHub\Vinc-Party\PC_VS\JeuP11\WidgetCarte.h(1,1): warning C4828: The file contains a character starting at offset 0x298 that is illegal in the current source character set (codepage 65001). (compiling source file main.cpp)
C:\Users\nscak\OneDrive - USherbrooke\Documents\GitHub\Vinc-Party\PC_VS\JeuP11\Chronometre.h(1,1): warning C4828: The file contains a character starting at offset 0xbd that is illegal in the current source character set (codepage 65001). (compiling source file FenetreMenu.cpp)
C:\Users\nscak\OneDrive - USherbrooke\Documents\GitHub\Vinc-Party\PC_VS\JeuP11\Chronometre.h(1,1): warning C4828: The file contains a character starting at offset 0x11e that is illegal in the current source character set (codepage 65001). (compiling source file FenetreMenu.cpp)
C:\Users\nscak\OneDrive - USherbrooke\Documents\GitHub\Vinc-Party\PC_VS\JeuP11\Chronometre.h(1,1): warning C4828: The file contains a character starting at offset 0x144 that is illegal in the current source character set (codepage 65001). (compiling source file FenetreMenu.cpp)
C:\Users\nscak\OneDrive - USherbrooke\Documents\GitHub\Vinc-Party\PC_VS\JeuP11\Chronometre.h(1,1): warning C4828: The file contains a character starting at offset 0x165 that is illegal in the current source character set (codepage 65001). (compiling source file FenetreMenu.cpp)
C:\Users\nscak\OneDrive - USherbrooke\Documents\GitHub\Vinc-Party\PC_VS\JeuP11\Chronometre.h(1,1): warning C4828: The file contains a character starting at offset 0x16f that is illegal in the current source character set (codepage 65001). (compiling source file FenetreMenu.cpp)
C:\Users\nscak\OneDrive - USherbrooke\Documents\GitHub\Vinc-Party\PC_VS\JeuP11\Chronometre.h(1,1): warning C4828: The file contains a character starting at offset 0x426 that is illegal in the current source character set (codepage 65001). (compiling source file FenetreMenu.cpp)
C:\Users\nscak\OneDrive - USherbrooke\Documents\GitHub\Vinc-Party\PC_VS\JeuP11\Chronometre.h(1,1): warning C4828: The file contains a character starting at offset 0x4b3 that is illegal in the current source character set (codepage 65001). (compiling source file FenetreMenu.cpp)
C:\Users\nscak\OneDrive - USherbrooke\Documents\GitHub\Vinc-Party\PC_VS\JeuP11\Chronometre.h(1,1): warning C4828: The file contains a character starting at offset 0x4c4 that is illegal in the current source character set (codepage 65001). (compiling source file FenetreMenu.cpp)
C:\Users\nscak\OneDrive - USherbrooke\Documents\GitHub\Vinc-Party\PC_VS\JeuP11\Coordonnee.h(1,1): warning C4828: The file contains a character starting at offset 0xbc that is illegal in the current source character set (codepage 65001). (compiling source file FenetreJeu.cpp)
C:\Users\nscak\OneDrive - USherbrooke\Documents\GitHub\Vinc-Party\PC_VS\JeuP11\Coordonnee.h(1,1): warning C4828: The file contains a character starting at offset 0x11d that is illegal in the current source character set (codepage 65001). (compiling source file FenetreJeu.cpp)
C:\Users\nscak\OneDrive - USherbrooke\Documents\GitHub\Vinc-Party\PC_VS\JeuP11\Coordonnee.h(1,1): warning C4828: The file contains a character starting at offset 0x143 that is illegal in the current source character set (codepage 65001). (compiling source file FenetreJeu.cpp)
C:\Users\nscak\OneDrive - USherbrooke\Documents\GitHub\Vinc-Party\PC_VS\JeuP11\Chronometre.h(1,1): warning C4828: The file contains a character starting at offset 0xbd that is illegal in the current source character set (codepage 65001). (compiling source file FenetreJeu.cpp)
C:\Users\nscak\OneDrive - USherbrooke\Documents\GitHub\Vinc-Party\PC_VS\JeuP11\Chronometre.h(1,1): warning C4828: The file contains a character starting at offset 0x11e that is illegal in the current source character set (codepage 65001). (compiling source file FenetreJeu.cpp)
C:\Users\nscak\OneDrive - USherbrooke\Documents\GitHub\Vinc-Party\PC_VS\JeuP11\Chronometre.h(1,1): warning C4828: The file contains a character starting at offset 0x144 that is illegal in the current source character set (codepage 65001). (compiling source file FenetreJeu.cpp)
C:\Users\nscak\OneDrive - USherbrooke\Documents\GitHub\Vinc-Party\PC_VS\JeuP11\Chronometre.h(1,1): warning C4828: The file contains a character starting at offset 0x165 that is illegal in the current source character set (codepage 65001). (compiling source file FenetreJeu.cpp)
C:\Users\nscak\OneDrive - USherbrooke\Documents\GitHub\Vinc-Party\PC_VS\JeuP11\Chronometre.h(1,1): warning C4828: The file contains a character starting at offset 0x16f that is illegal in the current source character set (codepage 65001). (compiling source file FenetreJeu.cpp)
C:\Users\nscak\OneDrive - USherbrooke\Documents\GitHub\Vinc-Party\PC_VS\JeuP11\Chronometre.h(1,1): warning C4828: The file contains a character starting at offset 0x426 that is illegal in the current source character set (codepage 65001). (compiling source file FenetreJeu.cpp)
C:\Users\nscak\OneDrive - USherbrooke\Documents\GitHub\Vinc-Party\PC_VS\JeuP11\Chronometre.h(1,1): warning C4828: The file contains a character starting at offset 0x4b3 that is illegal in the current source character set (codepage 65001). (compiling source file FenetreJeu.cpp)
C:\Users\nscak\OneDrive - USherbrooke\Documents\GitHub\Vinc-Party\PC_VS\JeuP11\Chronometre.h(1,1): warning C4828: The file contains a character starting at offset 0x4c4 that is illegal in the current source character set (codepage 65001). (compiling source file FenetreJeu.cpp)
C:\Users\nscak\OneDrive - USherbrooke\Documents\GitHub\Vinc-Party\PC_VS\JeuP11\FenetreJeuMineur.h(1,1): warning C4828: The file contains a character starting at offset 0xd0 that is illegal in the current source character set (codepage 65001). (compiling source file FenetreMenu.cpp)
C:\Users\nscak\OneDrive - USherbrooke\Documents\GitHub\Vinc-Party\PC_VS\JeuP11\FenetreJeuMineur.h(1,1): warning C4828: The file contains a character starting at offset 0x131 that is illegal in the current source character set (codepage 65001). (compiling source file FenetreMenu.cpp)
C:\Users\nscak\OneDrive - USherbrooke\Documents\GitHub\Vinc-Party\PC_VS\JeuP11\FenetreJeuMineur.h(1,1): warning C4828: The file contains a character starting at offset 0x157 that is illegal in the current source character set (codepage 65001). (compiling source file FenetreMenu.cpp)
C:\Users\nscak\OneDrive - USherbrooke\Documents\GitHub\Vinc-Party\PC_VS\JeuP11\FenetrePointages.h(1,1): warning C4828: The file contains a character starting at offset 0xc2 that is illegal in the current source character set (codepage 65001). (compiling source file FenetreMenu.cpp)
C:\Users\nscak\OneDrive - USherbrooke\Documents\GitHub\Vinc-Party\PC_VS\JeuP11\FenetrePointages.h(1,1): warning C4828: The file contains a character starting at offset 0x123 that is illegal in the current source character set (codepage 65001). (compiling source file FenetreMenu.cpp)
C:\Users\nscak\OneDrive - USherbrooke\Documents\GitHub\Vinc-Party\PC_VS\JeuP11\FenetrePointages.h(1,1): warning C4828: The file contains a character starting at offset 0x149 that is illegal in the current source character set (codepage 65001). (compiling source file FenetreMenu.cpp)
C:\Users\nscak\OneDrive - USherbrooke\Documents\GitHub\Vinc-Party\PC_VS\JeuP11\FenetrePointages.h(1,1): warning C4828: The file contains a character starting at offset 0x4cc that is illegal in the current source character set (codepage 65001). (compiling source file FenetreMenu.cpp)
C:\Users\nscak\OneDrive - USherbrooke\Documents\GitHub\Vinc-Party\PC_VS\JeuP11\FenetreTests.h(1,1): warning C4828: The file contains a character starting at offset 0xbe that is illegal in the current source character set (codepage 65001). (compiling source file FenetreMenu.cpp)
C:\Users\nscak\OneDrive - USherbrooke\Documents\GitHub\Vinc-Party\PC_VS\JeuP11\FenetreTests.h(1,1): warning C4828: The file contains a character starting at offset 0x11f that is illegal in the current source character set (codepage 65001). (compiling source file FenetreMenu.cpp)
C:\Users\nscak\OneDrive - USherbrooke\Documents\GitHub\Vinc-Party\PC_VS\JeuP11\FenetreTests.h(1,1): warning C4828: The file contains a character starting at offset 0x145 that is illegal in the current source character set (codepage 65001). (compiling source file FenetreMenu.cpp)
C:\Users\nscak\OneDrive - USherbrooke\Documents\GitHub\Vinc-Party\PC_VS\JeuP11\FenetreTests.h(1,1): warning C4828: The file contains a character starting at offset 0x469 that is illegal in the current source character set (codepage 65001). (compiling source file FenetreMenu.cpp)
C:\Users\nscak\OneDrive - USherbrooke\Documents\GitHub\Vinc-Party\PC_VS\JeuP11\FenetreCR.h(1,1): warning C4828: The file contains a character starting at offset 0x29c that is illegal in the current source character set (codepage 65001). (compiling source file FenetreMenu.cpp)
C:\Users\nscak\OneDrive - USherbrooke\Documents\GitHub\Vinc-Party\PC_VS\JeuP11\FenetreJeuMineur.h(1,1): warning C4828: The file contains a character starting at offset 0xd0 that is illegal in the current source character set (codepage 65001). (compiling source file FenetreJeu.cpp)
C:\Users\nscak\OneDrive - USherbrooke\Documents\GitHub\Vinc-Party\PC_VS\JeuP11\FenetreJeuMineur.h(1,1): warning C4828: The file contains a character starting at offset 0x131 that is illegal in the current source character set (codepage 65001). (compiling source file FenetreJeu.cpp)
C:\Users\nscak\OneDrive - USherbrooke\Documents\GitHub\Vinc-Party\PC_VS\JeuP11\FenetreJeuMineur.h(1,1): warning C4828: The file contains a character starting at offset 0x157 that is illegal in the current source character set (codepage 65001). (compiling source file FenetreJeu.cpp)
C:\Users\nscak\OneDrive - USherbrooke\Documents\GitHub\Vinc-Party\PC_VS\JeuP11\WidgetJeuPiano.h(1,1): warning C4828: The file contains a character starting at offset 0xbd that is illegal in the current source character set (codepage 65001). (compiling source file Interface.cpp)
C:\Users\nscak\OneDrive - USherbrooke\Documents\GitHub\Vinc-Party\PC_VS\JeuP11\WidgetJeuPiano.h(1,1): warning C4828: The file contains a character starting at offset 0x11e that is illegal in the current source character set (codepage 65001). (compiling source file Interface.cpp)
C:\Users\nscak\OneDrive - USherbrooke\Documents\GitHub\Vinc-Party\PC_VS\JeuP11\WidgetPointages.h(1,1): warning C4828: The file contains a character starting at offset 0xbd that is illegal in the current source character set (codepage 65001). (compiling source file Interface.cpp)
C:\Users\nscak\OneDrive - USherbrooke\Documents\GitHub\Vinc-Party\PC_VS\JeuP11\WidgetPointages.h(1,1): warning C4828: The file contains a character starting at offset 0x11e that is illegal in the current source character set (codepage 65001). (compiling source file Interface.cpp)
C:\Users\nscak\OneDrive - USherbrooke\Documents\GitHub\Vinc-Party\PC_VS\JeuP11\WidgetJeuMineur.h(1,1): warning C4828: The file contains a character starting at offset 0xbd that is illegal in the current source character set (codepage 65001). (compiling source file Interface.cpp)
C:\Users\nscak\OneDrive - USherbrooke\Documents\GitHub\Vinc-Party\PC_VS\JeuP11\WidgetJeuMineur.h(1,1): warning C4828: The file contains a character starting at offset 0x11e that is illegal in the current source character set (codepage 65001). (compiling source file Interface.cpp)
C:\Users\nscak\OneDrive - USherbrooke\Documents\GitHub\Vinc-Party\PC_VS\JeuP11\WidgetJeuPeche.h(1,1): warning C4828: The file contains a character starting at offset 0xbd that is illegal in the current source character set (codepage 65001). (compiling source file Interface.cpp)
C:\Users\nscak\OneDrive - USherbrooke\Documents\GitHub\Vinc-Party\PC_VS\JeuP11\WidgetJeuPeche.h(1,1): warning C4828: The file contains a character starting at offset 0x11e that is illegal in the current source character set (codepage 65001). (compiling source file Interface.cpp)
C:\Users\nscak\OneDrive - USherbrooke\Documents\GitHub\Vinc-Party\PC_VS\JeuP11\WidgetJeuPiano.h(1,1): warning C4828: The file contains a character starting at offset 0xbd that is illegal in the current source character set (codepage 65001). (compiling source file main.cpp)
C:\Users\nscak\OneDrive - USherbrooke\Documents\GitHub\Vinc-Party\PC_VS\JeuP11\WidgetJeuPiano.h(1,1): warning C4828: The file contains a character starting at offset 0x11e that is illegal in the current source character set (codepage 65001). (compiling source file main.cpp)
C:\Users\nscak\OneDrive - USherbrooke\Documents\GitHub\Vinc-Party\PC_VS\JeuP11\WidgetPointages.h(1,1): warning C4828: The file contains a character starting at offset 0xbd that is illegal in the current source character set (codepage 65001). (compiling source file main.cpp)
C:\Users\nscak\OneDrive - USherbrooke\Documents\GitHub\Vinc-Party\PC_VS\JeuP11\WidgetPointages.h(1,1): warning C4828: The file contains a character starting at offset 0x11e that is illegal in the current source character set (codepage 65001). (compiling source file main.cpp)
C:\Users\nscak\OneDrive - USherbrooke\Documents\GitHub\Vinc-Party\PC_VS\JeuP11\WidgetJeuMineur.h(1,1): warning C4828: The file contains a character starting at offset 0xbd that is illegal in the current source character set (codepage 65001). (compiling source file main.cpp)
C:\Users\nscak\OneDrive - USherbrooke\Documents\GitHub\Vinc-Party\PC_VS\JeuP11\WidgetJeuMineur.h(1,1): warning C4828: The file contains a character starting at offset 0x11e that is illegal in the current source character set (codepage 65001). (compiling source file main.cpp)
C:\Users\nscak\OneDrive - USherbrooke\Documents\GitHub\Vinc-Party\PC_VS\JeuP11\WidgetJeuPeche.h(1,1): warning C4828: The file contains a character starting at offset 0xbd that is illegal in the current source character set (codepage 65001). (compiling source file main.cpp)
C:\Users\nscak\OneDrive - USherbrooke\Documents\GitHub\Vinc-Party\PC_VS\JeuP11\WidgetJeuPeche.h(1,1): warning C4828: The file contains a character starting at offset 0x11e that is illegal in the current source character set (codepage 65001). (compiling source file main.cpp)
  moc_Interface.cpp
  moc_WidgetCarte.cpp
  moc_WidgetJeu.cpp
C:\Users\nscak\OneDrive - USherbrooke\Documents\GitHub\Vinc-Party\PC_VS\JeuP11\WidgetJeu.h(1,1): warning C4828: The file contains a character starting at offset 0xbd that is illegal in the current source character set (codepage 65001). (compiling source file x64\Debug\moc\moc_WidgetJeu.cpp)
C:\Users\nscak\OneDrive - USherbrooke\Documents\GitHub\Vinc-Party\PC_VS\JeuP11\Interface.h(1,1): warning C4828: The file contains a character starting at offset 0xb1 that is illegal in the current source character set (codepage 65001). (compiling source file x64\Debug\moc\moc_Interface.cpp)
C:\Users\nscak\OneDrive - USherbrooke\Documents\GitHub\Vinc-Party\PC_VS\JeuP11\WidgetJeu.h(1,1): warning C4828: The file contains a character starting at offset 0x11e that is illegal in the current source character set (codepage 65001). (compiling source file x64\Debug\moc\moc_WidgetJeu.cpp)
C:\Users\nscak\OneDrive - USherbrooke\Documents\GitHub\Vinc-Party\PC_VS\JeuP11\Interface.h(1,1): warning C4828: The file contains a character starting at offset 0xfa that is illegal in the current source character set (codepage 65001). (compiling source file x64\Debug\moc\moc_Interface.cpp)
C:\Users\nscak\OneDrive - USherbrooke\Documents\GitHub\Vinc-Party\PC_VS\JeuP11\WidgetJeu.h(1,1): warning C4828: The file contains a character starting at offset 0x556 that is illegal in the current source character set (codepage 65001). (compiling source file x64\Debug\moc\moc_WidgetJeu.cpp)
C:\Users\nscak\OneDrive - USherbrooke\Documents\GitHub\Vinc-Party\PC_VS\JeuP11\WidgetCarte.h(1,1): warning C4828: The file contains a character starting at offset 0x298 that is illegal in the current source character set (codepage 65001). (compiling source file x64\Debug\moc\moc_WidgetCarte.cpp)
C:\Users\nscak\OneDrive - USherbrooke\Documents\GitHub\Vinc-Party\PC_VS\JeuP11\Coordonnee.h(1,1): warning C4828: The file contains a character starting at offset 0xbc that is illegal in the current source character set (codepage 65001). (compiling source file x64\Debug\moc\moc_Interface.cpp)
C:\Users\nscak\OneDrive - USherbrooke\Documents\GitHub\Vinc-Party\PC_VS\JeuP11\Coordonnee.h(1,1): warning C4828: The file contains a character starting at offset 0x11d that is illegal in the current source character set (codepage 65001). (compiling source file x64\Debug\moc\moc_Interface.cpp)
C:\Users\nscak\OneDrive - USherbrooke\Documents\GitHub\Vinc-Party\PC_VS\JeuP11\Coordonnee.h(1,1): warning C4828: The file contains a character starting at offset 0x143 that is illegal in the current source character set (codepage 65001). (compiling source file x64\Debug\moc\moc_Interface.cpp)
C:\Users\nscak\OneDrive - USherbrooke\Documents\GitHub\Vinc-Party\PC_VS\JeuP11\WidgetMenu.h(1,1): warning C4828: The file contains a character starting at offset 0xbd that is illegal in the current source character set (codepage 65001). (compiling source file x64\Debug\moc\moc_Interface.cpp)
C:\Users\nscak\OneDrive - USherbrooke\Documents\GitHub\Vinc-Party\PC_VS\JeuP11\WidgetMenu.h(1,1): warning C4828: The file contains a character starting at offset 0x11e that is illegal in the current source character set (codepage 65001). (compiling source file x64\Debug\moc\moc_Interface.cpp)
C:\Users\nscak\OneDrive - USherbrooke\Documents\GitHub\Vinc-Party\PC_VS\JeuP11\Coordonnee.h(1,1): warning C4828: The file contains a character starting at offset 0xbc that is illegal in the current source character set (codepage 65001). (compiling source file x64\Debug\moc\moc_WidgetJeu.cpp)
C:\Users\nscak\OneDrive - USherbrooke\Documents\GitHub\Vinc-Party\PC_VS\JeuP11\Coordonnee.h(1,1): warning C4828: The file contains a character starting at offset 0x11d that is illegal in the current source character set (codepage 65001). (compiling source file x64\Debug\moc\moc_WidgetJeu.cpp)
C:\Users\nscak\OneDrive - USherbrooke\Documents\GitHub\Vinc-Party\PC_VS\JeuP11\Coordonnee.h(1,1): warning C4828: The file contains a character starting at offset 0x143 that is illegal in the current source character set (codepage 65001). (compiling source file x64\Debug\moc\moc_WidgetJeu.cpp)
C:\Users\nscak\OneDrive - USherbrooke\Documents\GitHub\Vinc-Party\PC_VS\JeuP11\WidgetCarte.h(1,1): warning C4828: The file contains a character starting at offset 0x298 that is illegal in the current source character set (codepage 65001). (compiling source file x64\Debug\moc\moc_WidgetJeu.cpp)
C:\Users\nscak\OneDrive - USherbrooke\Documents\GitHub\Vinc-Party\PC_VS\JeuP11\WidgetJeu.h(1,1): warning C4828: The file contains a character starting at offset 0xbd that is illegal in the current source character set (codepage 65001). (compiling source file x64\Debug\moc\moc_Interface.cpp)
C:\Users\nscak\OneDrive - USherbrooke\Documents\GitHub\Vinc-Party\PC_VS\JeuP11\WidgetJeu.h(1,1): warning C4828: The file contains a character starting at offset 0x11e that is illegal in the current source character set (codepage 65001). (compiling source file x64\Debug\moc\moc_Interface.cpp)
C:\Users\nscak\OneDrive - USherbrooke\Documents\GitHub\Vinc-Party\PC_VS\JeuP11\WidgetJeu.h(1,1): warning C4828: The file contains a character starting at offset 0x556 that is illegal in the current source character set (codepage 65001). (compiling source file x64\Debug\moc\moc_Interface.cpp)
C:\Users\nscak\OneDrive - USherbrooke\Documents\GitHub\Vinc-Party\PC_VS\JeuP11\WidgetCarte.h(1,1): warning C4828: The file contains a character starting at offset 0x298 that is illegal in the current source character set (codepage 65001). (compiling source file x64\Debug\moc\moc_Interface.cpp)
C:\Users\nscak\OneDrive - USherbrooke\Documents\GitHub\Vinc-Party\PC_VS\JeuP11\Coordonnee.h(1,1): warning C4828: The file contains a character starting at offset 0xbc that is illegal in the current source character set (codepage 65001). (compiling source file x64\Debug\moc\moc_WidgetCarte.cpp)
C:\Users\nscak\OneDrive - USherbrooke\Documents\GitHub\Vinc-Party\PC_VS\JeuP11\Coordonnee.h(1,1): warning C4828: The file contains a character starting at offset 0x11d that is illegal in the current source character set (codepage 65001). (compiling source file x64\Debug\moc\moc_WidgetCarte.cpp)
C:\Users\nscak\OneDrive - USherbrooke\Documents\GitHub\Vinc-Party\PC_VS\JeuP11\Coordonnee.h(1,1): warning C4828: The file contains a character starting at offset 0x143 that is illegal in the current source character set (codepage 65001). (compiling source file x64\Debug\moc\moc_WidgetCarte.cpp)
C:\Users\nscak\OneDrive - USherbrooke\Documents\GitHub\Vinc-Party\PC_VS\JeuP11\WidgetJeuPiano.h(1,1): warning C4828: The file contains a character starting at offset 0xbd that is illegal in the current source character set (codepage 65001). (compiling source file x64\Debug\moc\moc_Interface.cpp)
C:\Users\nscak\OneDrive - USherbrooke\Documents\GitHub\Vinc-Party\PC_VS\JeuP11\WidgetJeuPiano.h(1,1): warning C4828: The file contains a character starting at offset 0x11e that is illegal in the current source character set (codepage 65001). (compiling source file x64\Debug\moc\moc_Interface.cpp)
C:\Users\nscak\OneDrive - USherbrooke\Documents\GitHub\Vinc-Party\PC_VS\JeuP11\WidgetPointages.h(1,1): warning C4828: The file contains a character starting at offset 0xbd that is illegal in the current source character set (codepage 65001). (compiling source file x64\Debug\moc\moc_Interface.cpp)
C:\Users\nscak\OneDrive - USherbrooke\Documents\GitHub\Vinc-Party\PC_VS\JeuP11\WidgetPointages.h(1,1): warning C4828: The file contains a character starting at offset 0x11e that is illegal in the current source character set (codepage 65001). (compiling source file x64\Debug\moc\moc_Interface.cpp)
C:\Users\nscak\OneDrive - USherbrooke\Documents\GitHub\Vinc-Party\PC_VS\JeuP11\WidgetJeuMineur.h(1,1): warning C4828: The file contains a character starting at offset 0xbd that is illegal in the current source character set (codepage 65001). (compiling source file x64\Debug\moc\moc_Interface.cpp)
C:\Users\nscak\OneDrive - USherbrooke\Documents\GitHub\Vinc-Party\PC_VS\JeuP11\WidgetJeuMineur.h(1,1): warning C4828: The file contains a character starting at offset 0x11e that is illegal in the current source character set (codepage 65001). (compiling source file x64\Debug\moc\moc_Interface.cpp)
C:\Users\nscak\OneDrive - USherbrooke\Documents\GitHub\Vinc-Party\PC_VS\JeuP11\WidgetJeuPeche.h(1,1): warning C4828: The file contains a character starting at offset 0xbd that is illegal in the current source character set (codepage 65001). (compiling source file x64\Debug\moc\moc_Interface.cpp)
C:\Users\nscak\OneDrive - USherbrooke\Documents\GitHub\Vinc-Party\PC_VS\JeuP11\WidgetJeuPeche.h(1,1): warning C4828: The file contains a character starting at offset 0x11e that is illegal in the current source character set (codepage 65001). (compiling source file x64\Debug\moc\moc_Interface.cpp)
  JeuP11.vcxproj -> C:\Users\nscak\OneDrive - USherbrooke\Documents\GitHub\Vinc-Party\PC_VS\JeuP11\x64\Debug\JeuP11.exe
