c:\users\enes\onedrive - usherbrooke\documents\github\vinc-party\pc_vs\jeup11\x64\debug\vc143.pdb
c:\users\enes\onedrive - usherbrooke\documents\github\vinc-party\pc_vs\jeup11\x64\debug\vc143.idb
c:\users\enes\onedrive - usherbrooke\documents\github\vinc-party\pc_vs\jeup11\x64\debug\tests.obj
c:\users\enes\onedrive - usherbrooke\documents\github\vinc-party\pc_vs\jeup11\x64\debug\pointage.obj
c:\users\enes\onedrive - usherbrooke\documents\github\vinc-party\pc_vs\jeup11\x64\debug\niveau.obj
c:\users\enes\onedrive - usherbrooke\documents\github\vinc-party\pc_vs\jeup11\x64\debug\fenetreminijeu.obj
c:\users\enes\onedrive - usherbrooke\documents\github\vinc-party\pc_vs\jeup11\x64\debug\joystick.obj
c:\users\enes\onedrive - usherbrooke\documents\github\vinc-party\pc_vs\jeup11\x64\debug\jeup11.obj
c:\users\enes\onedrive - usherbrooke\documents\github\vinc-party\pc_vs\jeup11\x64\debug\serialport.obj
c:\users\enes\onedrive - usherbrooke\documents\github\vinc-party\pc_vs\jeup11\x64\debug\fenetretests.obj
c:\users\enes\onedrive - usherbrooke\documents\github\vinc-party\pc_vs\jeup11\x64\debug\fenetrepointages.obj
c:\users\enes\onedrive - usherbrooke\documents\github\vinc-party\pc_vs\jeup11\x64\debug\fenetremenu.obj
c:\users\enes\onedrive - usherbrooke\documents\github\vinc-party\pc_vs\jeup11\x64\debug\fenetrejeupiano.obj
c:\users\enes\onedrive - usherbrooke\documents\github\vinc-party\pc_vs\jeup11\x64\debug\fenetrejeu.obj
c:\users\enes\onedrive - usherbrooke\documents\github\vinc-party\pc_vs\jeup11\x64\debug\fenetre.obj
c:\users\enes\onedrive - usherbrooke\documents\github\vinc-party\pc_vs\jeup11\x64\debug\evenement.obj
c:\users\enes\onedrive - usherbrooke\documents\github\vinc-party\pc_vs\jeup11\x64\debug\es.obj
c:\users\enes\onedrive - usherbrooke\documents\github\vinc-party\pc_vs\jeup11\x64\debug\chronometre.obj
c:\users\enes\onedrive - usherbrooke\documents\github\vinc-party\pc_vs\jeup11\x64\debug\bouton.obj
c:\users\enes\onedrive - usherbrooke\documents\github\vinc-party\pc_vs\jeup11\x64\debug\boussole.obj
c:\users\enes\onedrive - usherbrooke\documents\github\vinc-party\pc_vs\jeup11\x64\debug\bargraph.obj
c:\users\enes\onedrive - usherbrooke\documents\github\vinc-party\pc_vs\jeup11\x64\debug\accel.obj
c:\users\enes\onedrive - usherbrooke\documents\github\vinc-party\pc_vs\jeup11\x64\debug\vibration.obj
c:\users\enes\onedrive - usherbrooke\documents\github\vinc-party\pc_vs\jeup11\x64\debug\tuile.obj
c:\users\enes\onedrive - usherbrooke\documents\github\vinc-party\pc_vs\jeup11\x64\debug\fenetrecr.obj
c:\users\enes\onedrive - usherbrooke\documents\github\vinc-party\pc_vs\jeup11\x64\debug\cr_vehicule.obj
c:\users\enes\onedrive - usherbrooke\documents\github\vinc-party\pc_vs\jeup11\x64\debug\jeup11.ilk
c:\users\enes\onedrive - usherbrooke\documents\github\vinc-party\pc_vs\jeup11\x64\debug\jeup11.exe
c:\users\enes\onedrive - usherbrooke\documents\github\vinc-party\pc_vs\jeup11\x64\debug\jeup11.pdb
c:\users\enes\onedrive - usherbrooke\documents\github\vinc-party\pc_vs\jeup11\x64\debug\fenetrejeux.obj
c:\users\enes\onedrive - usherbrooke\documents\github\vinc-party\pc_vs\jeup11\x64\debug\minijeu.obj
c:\users\enes\onedrive - usherbrooke\documents\github\vinc-party\pc_vs\jeup11\x64\debug\fenetrejeu.obj.enc
c:\users\enes\onedrive - usherbrooke\documents\github\vinc-party\pc_vs\jeup11\x64\debug\jeup11-laptop-kaeevic2-2.pdb
c:\users\enes\onedrive - usherbrooke\documents\github\vinc-party\pc_vs\jeup11\x64\debug\jeup11-laptop-kaeevic2-3.pdb
c:\users\enes\onedrive - usherbrooke\documents\github\vinc-party\pc_vs\jeup11\x64\debug\jeup11-laptop-kaeevic2-4.pdb
c:\users\enes\onedrive - usherbrooke\documents\github\vinc-party\pc_vs\jeup11\x64\debug\jeup11-laptop-kaeevic2.pdb
c:\users\enes\onedrive - usherbrooke\documents\github\vinc-party\pc_vs\jeup11\x64\debug\jeup11.tlog\cl.command.1.tlog
c:\users\enes\onedrive - usherbrooke\documents\github\vinc-party\pc_vs\jeup11\x64\debug\jeup11.tlog\cl.read.1.tlog
c:\users\enes\onedrive - usherbrooke\documents\github\vinc-party\pc_vs\jeup11\x64\debug\jeup11.tlog\cl.write.1.tlog
c:\users\enes\onedrive - usherbrooke\documents\github\vinc-party\pc_vs\jeup11\x64\debug\jeup11.tlog\link.command.1.tlog
c:\users\enes\onedrive - usherbrooke\documents\github\vinc-party\pc_vs\jeup11\x64\debug\jeup11.tlog\link.read.1.tlog
c:\users\enes\onedrive - usherbrooke\documents\github\vinc-party\pc_vs\jeup11\x64\debug\jeup11.tlog\link.write.1.tlog
